<?xml version="1.0" encoding="UTF-8"?>
<!-- Generated by org.testng.reporters.JUnitReportReporter -->
<testsuite skipped="0" hostname="MTYTM18053D3F" name="testRunners.LoginRunner" tests="1" failures="0" timestamp="10 feb 2020 17:07:08 GMT" time="43.331" errors="0">
  <testcase name="runScenario" time="43.331" classname="testRunners.LoginRunner"/>
</testsuite> <!-- testRunners.LoginRunner -->
